#! /usr/bin/vvp
:ivl_version "11.0 (stable)";
:ivl_delay_selection "TYPICAL";
:vpi_time_precision + 0;
:vpi_module "/usr/lib/x86_64-linux-gnu/ivl/system.vpi";
:vpi_module "/usr/lib/x86_64-linux-gnu/ivl/vhdl_sys.vpi";
:vpi_module "/usr/lib/x86_64-linux-gnu/ivl/vhdl_textio.vpi";
:vpi_module "/usr/lib/x86_64-linux-gnu/ivl/v2005_math.vpi";
:vpi_module "/usr/lib/x86_64-linux-gnu/ivl/va_math.vpi";
S_0x559ebd968630 .scope module, "lsb" "lsb" 2 3;
 .timescale 0 0;
    .port_info 0 /INPUT 1 "clk";
    .port_info 1 /INPUT 1 "rst";
    .port_info 2 /INPUT 1 "rdy";
    .port_info 3 /INPUT 1 "get_instruction";
    .port_info 4 /INPUT 32 "pc_now_in";
    .port_info 5 /INPUT 6 "entry_in";
    .port_info 6 /OUTPUT 1 "lsb_full";
    .port_info 7 /INPUT 1 "rollback";
    .port_info 8 /INPUT 32 "Vj_in";
    .port_info 9 /INPUT 32 "Vk_in";
    .port_info 10 /INPUT 6 "Qj_in";
    .port_info 11 /INPUT 6 "Qk_in";
    .port_info 12 /INPUT 32 "imm_in";
    .port_info 13 /INPUT 6 "op_in";
    .port_info 14 /INPUT 6 "rd_in";
    .port_info 15 /INPUT 1 "alu_broadcast";
    .port_info 16 /INPUT 6 "alu_entry";
    .port_info 17 /INPUT 32 "alu_result";
    .port_info 18 /INPUT 32 "alu_pc_out";
    .port_info 19 /INPUT 1 "rs_broadcast";
    .port_info 20 /INPUT 32 "rs_result";
    .port_info 21 /INPUT 6 "rs_entry";
    .port_info 22 /OUTPUT 1 "lsb_load_broadcast";
    .port_info 23 /OUTPUT 6 "load_entry_out";
    .port_info 24 /OUTPUT 32 "load_result";
    .port_info 25 /OUTPUT 1 "lsb_store_broadcast";
    .port_info 26 /OUTPUT 6 "store_entry_out";
    .port_info 27 /INPUT 1 "mem_valid";
    .port_info 28 /INPUT 32 "mem_res";
    .port_info 29 /OUTPUT 1 "load_store_sgn";
    .port_info 30 /OUTPUT 1 "load_or_store";
    .port_info 31 /OUTPUT 5 "load_store_op";
    .port_info 32 /OUTPUT 32 "load_store_addr";
    .port_info 33 /OUTPUT 32 "load_store_data";
P_0x559ebd9687c0 .param/l "LSB_SIZE" 0 2 58, +C4<00000000000000000000000000100000>;
L_0x559ebd9b86c0 .functor BUFZ 1, L_0x559ebd9b9290, C4<0>, C4<0>, C4<0>;
v0x559ebd931030 .array "Qj", 0 31, 5 0;
o0x7fafcd11c018 .functor BUFZ 6, C4<zzzzzz>; HiZ drive
v0x559ebd9310d0_0 .net "Qj_in", 5 0, o0x7fafcd11c018;  0 drivers
v0x559ebd9a4a70 .array "Qk", 0 31, 5 0;
o0x7fafcd11c048 .functor BUFZ 6, C4<zzzzzz>; HiZ drive
v0x559ebd9a4b10_0 .net "Qk_in", 5 0, o0x7fafcd11c048;  0 drivers
v0x559ebd9a4bf0 .array "Vj", 0 31, 31 0;
o0x7fafcd11c078 .functor BUFZ 32, C4<zzzzzzzzzzzzzzzzzzzzzzzzzzzzzzzz>; HiZ drive
v0x559ebd9a4d00_0 .net "Vj_in", 31 0, o0x7fafcd11c078;  0 drivers
v0x559ebd9a4de0 .array "Vk", 0 31, 31 0;
o0x7fafcd11c0a8 .functor BUFZ 32, C4<zzzzzzzzzzzzzzzzzzzzzzzzzzzzzzzz>; HiZ drive
v0x559ebd9a4ea0_0 .net "Vk_in", 31 0, o0x7fafcd11c0a8;  0 drivers
v0x559ebd9a4f80_0 .net *"_ivl_0", 31 0, L_0x559ebd9a8520;  1 drivers
v0x559ebd9a5060_0 .net *"_ivl_10", 31 0, L_0x559ebd9b8800;  1 drivers
v0x559ebd9a5140_0 .net *"_ivl_14", 31 0, L_0x559ebd9b8a90;  1 drivers
L_0x7fafcd0d30f0 .functor BUFT 1, C4<00000000000000000000000000>, C4<0>, C4<0>, C4<0>;
v0x559ebd9a5220_0 .net *"_ivl_17", 25 0, L_0x7fafcd0d30f0;  1 drivers
L_0x7fafcd0d3138 .functor BUFT 1, C4<00000000000000000000000000000001>, C4<0>, C4<0>, C4<0>;
v0x559ebd9a5300_0 .net/2u *"_ivl_18", 31 0, L_0x7fafcd0d3138;  1 drivers
v0x559ebd9a53e0_0 .net *"_ivl_20", 31 0, L_0x559ebd9b8c00;  1 drivers
L_0x7fafcd0d3180 .functor BUFT 1, C4<00000000000000000000000000100000>, C4<0>, C4<0>, C4<0>;
v0x559ebd9a54c0_0 .net/2u *"_ivl_22", 31 0, L_0x7fafcd0d3180;  1 drivers
v0x559ebd9a55a0_0 .net *"_ivl_24", 31 0, L_0x559ebd9b8d80;  1 drivers
L_0x7fafcd0d3018 .functor BUFT 1, C4<00000000000000000000000000>, C4<0>, C4<0>, C4<0>;
v0x559ebd9a5680_0 .net *"_ivl_3", 25 0, L_0x7fafcd0d3018;  1 drivers
v0x559ebd9a5870_0 .net *"_ivl_30", 5 0, L_0x559ebd9b9140;  1 drivers
L_0x7fafcd0d31c8 .functor BUFT 1, C4<00000>, C4<0>, C4<0>, C4<0>;
v0x559ebd9a5950_0 .net *"_ivl_33", 4 0, L_0x7fafcd0d31c8;  1 drivers
L_0x7fafcd0d3060 .functor BUFT 1, C4<00000000000000000000000000000001>, C4<0>, C4<0>, C4<0>;
v0x559ebd9a5a30_0 .net/2u *"_ivl_4", 31 0, L_0x7fafcd0d3060;  1 drivers
v0x559ebd9a5b10_0 .net *"_ivl_6", 31 0, L_0x559ebd9b8620;  1 drivers
L_0x7fafcd0d30a8 .functor BUFT 1, C4<00000000000000000000000000100000>, C4<0>, C4<0>, C4<0>;
v0x559ebd9a5bf0_0 .net/2u *"_ivl_8", 31 0, L_0x7fafcd0d30a8;  1 drivers
o0x7fafcd11c378 .functor BUFZ 1, C4<z>; HiZ drive
v0x559ebd9a5cd0_0 .net "alu_broadcast", 0 0, o0x7fafcd11c378;  0 drivers
o0x7fafcd11c3a8 .functor BUFZ 6, C4<zzzzzz>; HiZ drive
v0x559ebd9a5d90_0 .net "alu_entry", 5 0, o0x7fafcd11c3a8;  0 drivers
o0x7fafcd11c3d8 .functor BUFZ 32, C4<zzzzzzzzzzzzzzzzzzzzzzzzzzzzzzzz>; HiZ drive
v0x559ebd9a5e70_0 .net "alu_pc_out", 31 0, o0x7fafcd11c3d8;  0 drivers
o0x7fafcd11c408 .functor BUFZ 32, C4<zzzzzzzzzzzzzzzzzzzzzzzzzzzzzzzz>; HiZ drive
v0x559ebd9a5f50_0 .net "alu_result", 31 0, o0x7fafcd11c408;  0 drivers
o0x7fafcd11c438 .functor BUFZ 1, C4<z>; HiZ drive
v0x559ebd9a6030_0 .net "clk", 0 0, o0x7fafcd11c438;  0 drivers
v0x559ebd9a60f0_0 .net "empty", 0 0, L_0x559ebd9b9000;  1 drivers
v0x559ebd9a61b0 .array "entry", 0 31, 5 0;
o0x7fafcd11c498 .functor BUFZ 6, C4<zzzzzz>; HiZ drive
v0x559ebd9a6270_0 .net "entry_in", 5 0, o0x7fafcd11c498;  0 drivers
v0x559ebd9a6350_0 .net "full", 0 0, L_0x559ebd9b9290;  1 drivers
o0x7fafcd11c4f8 .functor BUFZ 1, C4<z>; HiZ drive
v0x559ebd9a6410_0 .net "get_instruction", 0 0, o0x7fafcd11c4f8;  0 drivers
v0x559ebd9a64d0_0 .var "head", 5 0;
v0x559ebd9a67c0_0 .var/i "i", 31 0;
v0x559ebd9a68a0 .array "imm", 0 31, 31 0;
o0x7fafcd11c588 .functor BUFZ 32, C4<zzzzzzzzzzzzzzzzzzzzzzzzzzzzzzzz>; HiZ drive
v0x559ebd9a6960_0 .net "imm_in", 31 0, o0x7fafcd11c588;  0 drivers
v0x559ebd9a6a40_0 .var "load_entry_out", 5 0;
v0x559ebd9a6b20_0 .var "load_or_store", 0 0;
v0x559ebd9a6be0_0 .var "load_result", 31 0;
v0x559ebd9a6cc0_0 .var "load_store_addr", 31 0;
v0x559ebd9a6da0_0 .var "load_store_data", 31 0;
v0x559ebd9a6e80_0 .var "load_store_op", 4 0;
v0x559ebd9a6f60_0 .var "load_store_sgn", 0 0;
v0x559ebd9a7020_0 .net "lsb_full", 0 0, L_0x559ebd9b86c0;  1 drivers
v0x559ebd9a70e0_0 .var "lsb_load_broadcast", 0 0;
v0x559ebd9a71a0 .array "lsb_pc", 0 31, 31 0;
v0x559ebd9a7260_0 .var "lsb_store_broadcast", 0 0;
o0x7fafcd11c798 .functor BUFZ 32, C4<zzzzzzzzzzzzzzzzzzzzzzzzzzzzzzzz>; HiZ drive
v0x559ebd9a7320_0 .net "mem_res", 31 0, o0x7fafcd11c798;  0 drivers
o0x7fafcd11c7c8 .functor BUFZ 1, C4<z>; HiZ drive
v0x559ebd9a7400_0 .net "mem_valid", 0 0, o0x7fafcd11c7c8;  0 drivers
v0x559ebd9a74c0_0 .net "next_head", 0 0, L_0x559ebd9b8970;  1 drivers
v0x559ebd9a7580_0 .net "next_tail", 0 0, L_0x559ebd9b8ec0;  1 drivers
v0x559ebd9a7640 .array "op", 0 31, 5 0;
o0x7fafcd11c858 .functor BUFZ 6, C4<zzzzzz>; HiZ drive
v0x559ebd9a7700_0 .net "op_in", 5 0, o0x7fafcd11c858;  0 drivers
o0x7fafcd11c888 .functor BUFZ 32, C4<zzzzzzzzzzzzzzzzzzzzzzzzzzzzzzzz>; HiZ drive
v0x559ebd9a77e0_0 .net "pc_now_in", 31 0, o0x7fafcd11c888;  0 drivers
o0x7fafcd11c8b8 .functor BUFZ 6, C4<zzzzzz>; HiZ drive
v0x559ebd9a78c0_0 .net "rd_in", 5 0, o0x7fafcd11c8b8;  0 drivers
o0x7fafcd11c8e8 .functor BUFZ 1, C4<z>; HiZ drive
v0x559ebd9a79a0_0 .net "rdy", 0 0, o0x7fafcd11c8e8;  0 drivers
o0x7fafcd11c918 .functor BUFZ 1, C4<z>; HiZ drive
v0x559ebd9a7a60_0 .net "rollback", 0 0, o0x7fafcd11c918;  0 drivers
o0x7fafcd11c948 .functor BUFZ 1, C4<z>; HiZ drive
v0x559ebd9a7b20_0 .net "rs_broadcast", 0 0, o0x7fafcd11c948;  0 drivers
o0x7fafcd11c978 .functor BUFZ 6, C4<zzzzzz>; HiZ drive
v0x559ebd9a7be0_0 .net "rs_entry", 5 0, o0x7fafcd11c978;  0 drivers
o0x7fafcd11c9a8 .functor BUFZ 32, C4<zzzzzzzzzzzzzzzzzzzzzzzzzzzzzzzz>; HiZ drive
v0x559ebd9a7cc0_0 .net "rs_result", 31 0, o0x7fafcd11c9a8;  0 drivers
o0x7fafcd11c9d8 .functor BUFZ 1, C4<z>; HiZ drive
v0x559ebd9a7da0_0 .net "rst", 0 0, o0x7fafcd11c9d8;  0 drivers
v0x559ebd9a7e60 .array "state", 0 31, 2 0;
v0x559ebd9a7f20_0 .var "store_entry_out", 5 0;
v0x559ebd9a8000_0 .var "tail", 5 0;
E_0x559ebd96f5a0 .event posedge, v0x559ebd9a6030_0;
L_0x559ebd9a8520 .concat [ 6 26 0 0], v0x559ebd9a64d0_0, L_0x7fafcd0d3018;
L_0x559ebd9b8620 .arith/sum 32, L_0x559ebd9a8520, L_0x7fafcd0d3060;
L_0x559ebd9b8800 .arith/mod 32, L_0x559ebd9b8620, L_0x7fafcd0d30a8;
L_0x559ebd9b8970 .part L_0x559ebd9b8800, 0, 1;
L_0x559ebd9b8a90 .concat [ 6 26 0 0], v0x559ebd9a8000_0, L_0x7fafcd0d30f0;
L_0x559ebd9b8c00 .arith/sum 32, L_0x559ebd9b8a90, L_0x7fafcd0d3138;
L_0x559ebd9b8d80 .arith/mod 32, L_0x559ebd9b8c00, L_0x7fafcd0d3180;
L_0x559ebd9b8ec0 .part L_0x559ebd9b8d80, 0, 1;
L_0x559ebd9b9000 .cmp/eq 6, v0x559ebd9a64d0_0, v0x559ebd9a8000_0;
L_0x559ebd9b9140 .concat [ 1 5 0 0], L_0x559ebd9b8970, L_0x7fafcd0d31c8;
L_0x559ebd9b9290 .cmp/eq 6, L_0x559ebd9b9140, v0x559ebd9a8000_0;
    .scope S_0x559ebd968630;
T_0 ;
    %wait E_0x559ebd96f5a0;
    %load/vec4 v0x559ebd9a7da0_0;
    %flag_set/vec4 8;
    %load/vec4 v0x559ebd9a7a60_0;
    %flag_set/vec4 9;
    %flag_or 9, 8;
    %jmp/0xz  T_0.0, 9;
    %pushi/vec4 0, 0, 32;
    %store/vec4 v0x559ebd9a67c0_0, 0, 32;
T_0.2 ;
    %load/vec4 v0x559ebd9a67c0_0;
    %cmpi/s 32, 0, 32;
    %jmp/0xz T_0.3, 5;
    %pushi/vec4 0, 0, 6;
    %ix/getv/s 3, v0x559ebd9a67c0_0;
    %ix/load 4, 0, 0; Constant delay
    %assign/vec4/a/d v0x559ebd9a7640, 0, 4;
    %pushi/vec4 0, 0, 32;
    %ix/getv/s 3, v0x559ebd9a67c0_0;
    %ix/load 4, 0, 0; Constant delay
    %assign/vec4/a/d v0x559ebd9a4bf0, 0, 4;
    %pushi/vec4 0, 0, 32;
    %ix/getv/s 3, v0x559ebd9a67c0_0;
    %ix/load 4, 0, 0; Constant delay
    %assign/vec4/a/d v0x559ebd9a4de0, 0, 4;
    %pushi/vec4 32, 0, 6;
    %ix/getv/s 3, v0x559ebd9a67c0_0;
    %ix/load 4, 0, 0; Constant delay
    %assign/vec4/a/d v0x559ebd931030, 0, 4;
    %pushi/vec4 32, 0, 6;
    %ix/getv/s 3, v0x559ebd9a67c0_0;
    %ix/load 4, 0, 0; Constant delay
    %assign/vec4/a/d v0x559ebd9a4a70, 0, 4;
    %pushi/vec4 32, 0, 6;
    %ix/getv/s 3, v0x559ebd9a67c0_0;
    %ix/load 4, 0, 0; Constant delay
    %assign/vec4/a/d v0x559ebd9a61b0, 0, 4;
    %pushi/vec4 0, 0, 32;
    %ix/getv/s 3, v0x559ebd9a67c0_0;
    %ix/load 4, 0, 0; Constant delay
    %assign/vec4/a/d v0x559ebd9a68a0, 0, 4;
    %pushi/vec4 0, 0, 32;
    %ix/getv/s 3, v0x559ebd9a67c0_0;
    %ix/load 4, 0, 0; Constant delay
    %assign/vec4/a/d v0x559ebd9a71a0, 0, 4;
    %pushi/vec4 0, 0, 3;
    %ix/getv/s 3, v0x559ebd9a67c0_0;
    %ix/load 4, 0, 0; Constant delay
    %assign/vec4/a/d v0x559ebd9a7e60, 0, 4;
    %load/vec4 v0x559ebd9a67c0_0;
    %addi 1, 0, 32;
    %store/vec4 v0x559ebd9a67c0_0, 0, 32;
    %jmp T_0.2;
T_0.3 ;
    %pushi/vec4 0, 0, 6;
    %assign/vec4 v0x559ebd9a64d0_0, 0;
    %pushi/vec4 0, 0, 6;
    %assign/vec4 v0x559ebd9a8000_0, 0;
    %pushi/vec4 0, 0, 1;
    %assign/vec4 v0x559ebd9a6f60_0, 0;
    %pushi/vec4 0, 0, 32;
    %assign/vec4 v0x559ebd9a6cc0_0, 0;
    %pushi/vec4 0, 0, 32;
    %assign/vec4 v0x559ebd9a6da0_0, 0;
    %pushi/vec4 0, 0, 1;
    %assign/vec4 v0x559ebd9a6b20_0, 0;
    %pushi/vec4 0, 0, 5;
    %assign/vec4 v0x559ebd9a6e80_0, 0;
    %pushi/vec4 0, 0, 1;
    %assign/vec4 v0x559ebd9a70e0_0, 0;
    %pushi/vec4 0, 0, 6;
    %assign/vec4 v0x559ebd9a6a40_0, 0;
    %pushi/vec4 0, 0, 32;
    %assign/vec4 v0x559ebd9a6be0_0, 0;
    %pushi/vec4 0, 0, 1;
    %assign/vec4 v0x559ebd9a7260_0, 0;
    %pushi/vec4 0, 0, 6;
    %assign/vec4 v0x559ebd9a7f20_0, 0;
    %jmp T_0.1;
T_0.0 ;
    %load/vec4 v0x559ebd9a79a0_0;
    %nor/r;
    %flag_set/vec4 8;
    %jmp/0xz  T_0.4, 8;
    %jmp T_0.5;
T_0.4 ;
    %load/vec4 v0x559ebd9a6410_0;
    %flag_set/vec4 8;
    %jmp/0xz  T_0.6, 8;
    %load/vec4 v0x559ebd9a7700_0;
    %load/vec4 v0x559ebd9a7580_0;
    %pad/u 7;
    %ix/vec4 3;
    %ix/load 4, 0, 0; Constant delay
    %assign/vec4/a/d v0x559ebd9a7640, 0, 4;
    %load/vec4 v0x559ebd9a6270_0;
    %load/vec4 v0x559ebd9a7580_0;
    %pad/u 7;
    %ix/vec4 3;
    %ix/load 4, 0, 0; Constant delay
    %assign/vec4/a/d v0x559ebd9a61b0, 0, 4;
    %load/vec4 v0x559ebd9a6960_0;
    %load/vec4 v0x559ebd9a7580_0;
    %pad/u 7;
    %ix/vec4 3;
    %ix/load 4, 0, 0; Constant delay
    %assign/vec4/a/d v0x559ebd9a68a0, 0, 4;
    %load/vec4 v0x559ebd9a77e0_0;
    %load/vec4 v0x559ebd9a7580_0;
    %pad/u 7;
    %ix/vec4 3;
    %ix/load 4, 0, 0; Constant delay
    %assign/vec4/a/d v0x559ebd9a71a0, 0, 4;
    %load/vec4 v0x559ebd9310d0_0;
    %load/vec4 v0x559ebd9a7580_0;
    %pad/u 7;
    %ix/vec4 3;
    %ix/load 4, 0, 0; Constant delay
    %assign/vec4/a/d v0x559ebd931030, 0, 4;
    %load/vec4 v0x559ebd9a4d00_0;
    %load/vec4 v0x559ebd9a7580_0;
    %pad/u 7;
    %ix/vec4 3;
    %ix/load 4, 0, 0; Constant delay
    %assign/vec4/a/d v0x559ebd9a4bf0, 0, 4;
    %load/vec4 v0x559ebd9a4b10_0;
    %load/vec4 v0x559ebd9a7580_0;
    %pad/u 7;
    %ix/vec4 3;
    %ix/load 4, 0, 0; Constant delay
    %assign/vec4/a/d v0x559ebd9a4a70, 0, 4;
    %load/vec4 v0x559ebd9a4ea0_0;
    %load/vec4 v0x559ebd9a7580_0;
    %pad/u 7;
    %ix/vec4 3;
    %ix/load 4, 0, 0; Constant delay
    %assign/vec4/a/d v0x559ebd9a4de0, 0, 4;
    %pushi/vec4 1, 0, 3;
    %load/vec4 v0x559ebd9a7580_0;
    %pad/u 7;
    %ix/vec4 3;
    %ix/load 4, 0, 0; Constant delay
    %assign/vec4/a/d v0x559ebd9a7e60, 0, 4;
    %load/vec4 v0x559ebd9a7580_0;
    %pad/u 6;
    %assign/vec4 v0x559ebd9a8000_0, 0;
T_0.6 ;
    %load/vec4 v0x559ebd9a5cd0_0;
    %flag_set/vec4 8;
    %jmp/0xz  T_0.8, 8;
    %pushi/vec4 0, 0, 32;
    %store/vec4 v0x559ebd9a67c0_0, 0, 32;
T_0.10 ;
    %load/vec4 v0x559ebd9a67c0_0;
    %cmpi/s 32, 0, 32;
    %jmp/0xz T_0.11, 5;
    %ix/getv/s 4, v0x559ebd9a67c0_0;
    %load/vec4a v0x559ebd9a7e60, 4;
    %cmpi/e 1, 0, 3;
    %jmp/0xz  T_0.12, 4;
    %ix/getv/s 4, v0x559ebd9a67c0_0;
    %load/vec4a v0x559ebd931030, 4;
    %load/vec4 v0x559ebd9a5d90_0;
    %cmp/e;
    %jmp/0xz  T_0.14, 4;
    %pushi/vec4 32, 0, 6;
    %ix/getv/s 3, v0x559ebd9a67c0_0;
    %ix/load 4, 0, 0; Constant delay
    %assign/vec4/a/d v0x559ebd931030, 0, 4;
    %load/vec4 v0x559ebd9a5f50_0;
    %ix/getv/s 3, v0x559ebd9a67c0_0;
    %ix/load 4, 0, 0; Constant delay
    %assign/vec4/a/d v0x559ebd9a4bf0, 0, 4;
    %jmp T_0.15;
T_0.14 ;
    %ix/getv/s 4, v0x559ebd9a67c0_0;
    %load/vec4a v0x559ebd9a4a70, 4;
    %load/vec4 v0x559ebd9a5d90_0;
    %cmp/e;
    %jmp/0xz  T_0.16, 4;
    %pushi/vec4 32, 0, 6;
    %ix/getv/s 3, v0x559ebd9a67c0_0;
    %ix/load 4, 0, 0; Constant delay
    %assign/vec4/a/d v0x559ebd9a4a70, 0, 4;
    %load/vec4 v0x559ebd9a5f50_0;
    %ix/getv/s 3, v0x559ebd9a67c0_0;
    %ix/load 4, 0, 0; Constant delay
    %assign/vec4/a/d v0x559ebd9a4de0, 0, 4;
T_0.16 ;
T_0.15 ;
T_0.12 ;
    %load/vec4 v0x559ebd9a67c0_0;
    %addi 1, 0, 32;
    %store/vec4 v0x559ebd9a67c0_0, 0, 32;
    %jmp T_0.10;
T_0.11 ;
T_0.8 ;
    %load/vec4 v0x559ebd9a70e0_0;
    %flag_set/vec4 8;
    %jmp/0xz  T_0.18, 8;
    %pushi/vec4 0, 0, 32;
    %store/vec4 v0x559ebd9a67c0_0, 0, 32;
T_0.20 ;
    %load/vec4 v0x559ebd9a67c0_0;
    %cmpi/s 32, 0, 32;
    %jmp/0xz T_0.21, 5;
    %ix/getv/s 4, v0x559ebd9a67c0_0;
    %load/vec4a v0x559ebd9a7e60, 4;
    %cmpi/e 1, 0, 3;
    %jmp/0xz  T_0.22, 4;
    %ix/getv/s 4, v0x559ebd9a67c0_0;
    %load/vec4a v0x559ebd931030, 4;
    %load/vec4 v0x559ebd9a6a40_0;
    %cmp/e;
    %jmp/0xz  T_0.24, 4;
    %pushi/vec4 32, 0, 6;
    %ix/getv/s 3, v0x559ebd9a67c0_0;
    %ix/load 4, 0, 0; Constant delay
    %assign/vec4/a/d v0x559ebd931030, 0, 4;
    %load/vec4 v0x559ebd9a6be0_0;
    %ix/getv/s 3, v0x559ebd9a67c0_0;
    %ix/load 4, 0, 0; Constant delay
    %assign/vec4/a/d v0x559ebd9a4bf0, 0, 4;
    %jmp T_0.25;
T_0.24 ;
    %ix/getv/s 4, v0x559ebd9a67c0_0;
    %load/vec4a v0x559ebd9a4a70, 4;
    %load/vec4 v0x559ebd9a6a40_0;
    %cmp/e;
    %jmp/0xz  T_0.26, 4;
    %pushi/vec4 32, 0, 6;
    %ix/getv/s 3, v0x559ebd9a67c0_0;
    %ix/load 4, 0, 0; Constant delay
    %assign/vec4/a/d v0x559ebd9a4a70, 0, 4;
    %load/vec4 v0x559ebd9a6be0_0;
    %ix/getv/s 3, v0x559ebd9a67c0_0;
    %ix/load 4, 0, 0; Constant delay
    %assign/vec4/a/d v0x559ebd9a4de0, 0, 4;
T_0.26 ;
T_0.25 ;
T_0.22 ;
    %load/vec4 v0x559ebd9a67c0_0;
    %addi 1, 0, 32;
    %store/vec4 v0x559ebd9a67c0_0, 0, 32;
    %jmp T_0.20;
T_0.21 ;
T_0.18 ;
    %load/vec4 v0x559ebd9a74c0_0;
    %pad/u 7;
    %ix/vec4 4;
    %load/vec4a v0x559ebd9a7e60, 4;
    %dup/vec4;
    %pushi/vec4 1, 0, 3;
    %cmp/u;
    %jmp/1 T_0.28, 6;
    %dup/vec4;
    %pushi/vec4 3, 0, 3;
    %cmp/u;
    %jmp/1 T_0.29, 6;
    %dup/vec4;
    %pushi/vec4 4, 0, 3;
    %cmp/u;
    %jmp/1 T_0.30, 6;
    %jmp T_0.31;
T_0.28 ;
    %load/vec4 v0x559ebd9a74c0_0;
    %pad/u 7;
    %ix/vec4 4;
    %load/vec4a v0x559ebd931030, 4;
    %pushi/vec4 32, 0, 6;
    %cmp/e;
    %flag_get/vec4 4;
    %load/vec4 v0x559ebd9a74c0_0;
    %pad/u 7;
    %ix/vec4 4;
    %load/vec4a v0x559ebd9a4a70, 4;
    %pushi/vec4 32, 0, 6;
    %cmp/e;
    %flag_get/vec4 4;
    %and;
    %flag_set/vec4 8;
    %jmp/0xz  T_0.32, 8;
    %pushi/vec4 1, 0, 1;
    %assign/vec4 v0x559ebd9a6f60_0, 0;
    %pushi/vec4 0, 0, 6;
    %load/vec4 v0x559ebd9a74c0_0;
    %pad/u 7;
    %ix/vec4 4;
    %load/vec4a v0x559ebd9a7640, 4;
    %cmp/u;
    %flag_get/vec4 4;
    %flag_get/vec4 5;
    %or;
    %load/vec4 v0x559ebd9a74c0_0;
    %pad/u 7;
    %ix/vec4 4;
    %load/vec4a v0x559ebd9a7640, 4;
    %cmpi/u 4, 0, 6;
    %flag_get/vec4 4;
    %flag_get/vec4 5;
    %or;
    %and;
    %assign/vec4 v0x559ebd9a6b20_0, 0;
    %load/vec4 v0x559ebd9a74c0_0;
    %pad/u 7;
    %ix/vec4 4;
    %load/vec4a v0x559ebd9a7640, 4;
    %pad/u 5;
    %assign/vec4 v0x559ebd9a6e80_0, 0;
    %load/vec4 v0x559ebd9a74c0_0;
    %pad/u 7;
    %ix/vec4 4;
    %load/vec4a v0x559ebd9a4bf0, 4;
    %load/vec4 v0x559ebd9a74c0_0;
    %pad/u 7;
    %ix/vec4 4;
    %load/vec4a v0x559ebd9a68a0, 4;
    %add;
    %assign/vec4 v0x559ebd9a6cc0_0, 0;
    %load/vec4 v0x559ebd9a74c0_0;
    %pad/u 7;
    %ix/vec4 4;
    %load/vec4a v0x559ebd9a4de0, 4;
    %assign/vec4 v0x559ebd9a6da0_0, 0;
    %pushi/vec4 0, 0, 6;
    %load/vec4 v0x559ebd9a74c0_0;
    %pad/u 7;
    %ix/vec4 4;
    %load/vec4a v0x559ebd9a7640, 4;
    %cmp/u;
    %flag_get/vec4 4;
    %flag_get/vec4 5;
    %or;
    %load/vec4 v0x559ebd9a74c0_0;
    %pad/u 7;
    %ix/vec4 4;
    %load/vec4a v0x559ebd9a7640, 4;
    %cmpi/u 4, 0, 6;
    %flag_get/vec4 4;
    %flag_get/vec4 5;
    %or;
    %and;
    %flag_set/vec4 8;
    %jmp/0 T_0.34, 8;
    %pushi/vec4 3, 0, 3;
    %jmp/1 T_0.35, 8;
T_0.34 ; End of true expr.
    %pushi/vec4 4, 0, 3;
    %jmp/0 T_0.35, 8;
 ; End of false expr.
    %blend;
T_0.35;
    %load/vec4 v0x559ebd9a74c0_0;
    %pad/u 7;
    %ix/vec4 3;
    %ix/load 4, 0, 0; Constant delay
    %assign/vec4/a/d v0x559ebd9a7e60, 0, 4;
T_0.32 ;
    %jmp T_0.31;
T_0.29 ;
    %load/vec4 v0x559ebd9a7400_0;
    %flag_set/vec4 8;
    %jmp/0xz  T_0.36, 8;
    %pushi/vec4 1, 0, 1;
    %assign/vec4 v0x559ebd9a70e0_0, 0;
    %load/vec4 v0x559ebd9a74c0_0;
    %pad/u 7;
    %ix/vec4 4;
    %load/vec4a v0x559ebd9a61b0, 4;
    %assign/vec4 v0x559ebd9a6a40_0, 0;
    %load/vec4 v0x559ebd9a7320_0;
    %assign/vec4 v0x559ebd9a6be0_0, 0;
    %pushi/vec4 0, 0, 3;
    %load/vec4 v0x559ebd9a74c0_0;
    %pad/u 7;
    %ix/vec4 3;
    %ix/load 4, 0, 0; Constant delay
    %assign/vec4/a/d v0x559ebd9a7e60, 0, 4;
    %load/vec4 v0x559ebd9a74c0_0;
    %pad/u 6;
    %assign/vec4 v0x559ebd9a64d0_0, 0;
T_0.36 ;
    %jmp T_0.31;
T_0.30 ;
    %load/vec4 v0x559ebd9a7400_0;
    %flag_set/vec4 8;
    %jmp/0xz  T_0.38, 8;
    %pushi/vec4 0, 0, 3;
    %load/vec4 v0x559ebd9a74c0_0;
    %pad/u 7;
    %ix/vec4 3;
    %ix/load 4, 0, 0; Constant delay
    %assign/vec4/a/d v0x559ebd9a7e60, 0, 4;
    %load/vec4 v0x559ebd9a74c0_0;
    %pad/u 6;
    %assign/vec4 v0x559ebd9a64d0_0, 0;
T_0.38 ;
    %jmp T_0.31;
T_0.31 ;
    %pop/vec4 1;
T_0.5 ;
T_0.1 ;
    %jmp T_0;
    .thread T_0;
# The file index is used to find the file name in the following table.
:file_names 3;
    "N/A";
    "<interactive>";
    "lsb.v";
